<?xml version="1.0" encoding="UTF-8"?>
<testsuite xmlns:xsi="http://www.w3.org/2001/XMLSchema-instance" xsi:noNamespaceSchemaLocation="https://maven.apache.org/surefire/maven-surefire-plugin/xsd/surefire-test-report-3.0.xsd" version="3.0" name="com.example.s27433Bank.S27433BankApplicationTests" time="3.054" tests="1" errors="0" skipped="0" failures="0">
  <properties>
[...]
</properties>
  <testcase name="contextLoads" classname="com.example.s27433Bank.S27433BankApplicationTests" time="0.105">
    <system-out><![CDATA[18:24:24.231 [main] INFO org.springframework.test.context.support.AnnotationConfigContextLoaderUtils -- Could not detect default configuration classes for test class [com.example.s27433Bank.S27433BankApplicationTests]: S27433BankApplicationTests does not declare any static, non-private, non-final, nested classes annotated with @Configuration.
18:24:24.388 [main] INFO org.springframework.boot.test.context.SpringBootTestContextBootstrapper -- Found @SpringBootConfiguration com.example.s27433Bank.S27433BankApplication for test class com.example.s27433Bank.S27433BankApplicationTests

  .   ____          _            __ _ _
 /\\ / ___'_ __ _ _(_)_ __  __ _ \ \ \ \
( ( )\___ | '_ | '_| | '_ \/ _` | \ \ \ \
 \\/  ___)| |_)| | | | | || (_| |  ) ) ) )
  '  |____| .__|_| |_|_| |_\__, | / / / /
 =========|_|==============|___/=/_/_/_/
 :: Spring Boot ::                (v3.2.2)

2024-01-27T18:24:24.890+01:00  INFO 14020 --- [           main] c.e.s.S27433BankApplicationTests         : Starting S27433BankApplicationTests using Java 21.0.1 with PID 14020 (started by VR in C:\Users\VR\Desktop\s27433Bank)
2024-01-27T18:24:24.892+01:00  INFO 14020 --- [           main] c.e.s.S27433BankApplicationTests         : No active profile set, falling back to 1 default profile: "default"
2024-01-27T18:24:26.906+01:00  INFO 14020 --- [           main] c.e.s.S27433BankApplicationTests         : Started S27433BankApplicationTests in 2.336 seconds (process running for 3.574)
]]></system-out>
    <system-err><![CDATA[WARNING: A Java agent has been loaded dynamically (C:\Users\VR\.m2\repository\net\bytebuddy\byte-buddy-agent\1.14.11\byte-buddy-agent-1.14.11.jar)
WARNING: If a serviceability tool is in use, please run with -XX:+EnableDynamicAgentLoading to hide this warning
WARNING: If a serviceability tool is not in use, please run with -Djdk.instrument.traceUsage for more information
WARNING: Dynamic loading of agents will be disallowed by default in a future release
]]></system-err>
  </testcase>
</testsuite>